<?xml version="1.0" encoding="UTF-8"?>
<testng-results ignored="0" total="2" passed="2" failed="0" skipped="0">
  <reporter-output>
  </reporter-output>
  <suite started-at="2024-08-08T15:58:08 IST" name="Command line suite" finished-at="2024-08-08T15:59:35 IST" duration-ms="86301">
    <groups>
      <group name="cucumber">
        <method signature="AbstractTestNGCucumberTests.runScenario(io.cucumber.testng.PickleWrapper,io.cucumber.testng.FeatureWrapper)[pri:0, instance:Cucumber.TestNGRunner@6d4e5011]" name="runScenario" class="io.cucumber.testng.AbstractTestNGCucumberTests"/>
      </group> <!-- cucumber -->
    </groups>
    <test started-at="2024-08-08T15:58:08 IST" name="Command line test" finished-at="2024-08-08T15:59:35 IST" duration-ms="86301">
      <class name="Cucumber.TestNGRunner">
        <test-method is-config="true" signature="setUpClass(org.testng.ITestContext)[pri:0, instance:Cucumber.TestNGRunner@6d4e5011]" started-at="2024-08-08T15:58:08 IST" name="setUpClass" finished-at="2024-08-08T15:58:09 IST" duration-ms="1033" status="PASS">
          <params>
            <param index="0">
              <value>
                <![CDATA[org.testng.TestRunner@aec50a1]]>
              </value>
            </param>
          </params>
          <reporter-output>
          </reporter-output>
        </test-method> <!-- setUpClass -->
        <test-method signature="runScenario(io.cucumber.testng.PickleWrapper,io.cucumber.testng.FeatureWrapper)[pri:0, instance:Cucumber.TestNGRunner@6d4e5011]" started-at="2024-08-08T15:58:10 IST" name="runScenario" description="Runs Cucumber Scenarios" data-provider="scenarios" finished-at="2024-08-08T15:58:31 IST" duration-ms="21355" status="PASS">
          <params>
            <param index="0">
              <value>
                <![CDATA["Opening Naurki url"]]>
              </value>
            </param>
            <param index="1">
              <value>
                <![CDATA["Booking Hotel from MakeMyTrip for Banglore and Pune Location"]]>
              </value>
            </param>
          </params>
          <reporter-output>
          </reporter-output>
        </test-method> <!-- runScenario -->
        <test-method signature="runScenario(io.cucumber.testng.PickleWrapper,io.cucumber.testng.FeatureWrapper)[pri:0, instance:Cucumber.TestNGRunner@6d4e5011]" started-at="2024-08-08T15:58:10 IST" name="runScenario" description="Runs Cucumber Scenarios" data-provider="scenarios" finished-at="2024-08-08T15:59:35 IST" duration-ms="85111" status="PASS">
          <params>
            <param index="0">
              <value>
                <![CDATA["Booking Hotel at Pune Location"]]>
              </value>
            </param>
            <param index="1">
              <value>
                <![CDATA["Booking Hotel from MakeMyTrip for Banglore and Pune Location"]]>
              </value>
            </param>
          </params>
          <reporter-output>
          </reporter-output>
        </test-method> <!-- runScenario -->
        <test-method is-config="true" signature="tearDownClass()[pri:0, instance:Cucumber.TestNGRunner@6d4e5011]" started-at="2024-08-08T15:59:35 IST" name="tearDownClass" finished-at="2024-08-08T15:59:35 IST" duration-ms="56" status="PASS">
          <reporter-output>
          </reporter-output>
        </test-method> <!-- tearDownClass -->
      </class> <!-- Cucumber.TestNGRunner -->
    </test> <!-- Command line test -->
  </suite> <!-- Command line suite -->
</testng-results>
